<?xml version="1.0" encoding="UTF-8"?><testrun name="CreateExam" project="AutomationTesting" tests="20" started="20" failures="1" errors="11" ignored="0">
  <testsuite name="TestCases.Admin.CreateExam" time="275.346" displayname="CreateExam" uniqueid="[engine:junit-vintage]/[runner:TestCases.Admin.CreateExam]">
    <testcase name="ThemKyThi_01" classname="TestCases.Admin.CreateExam" time="13.871" displayname="ThemKyThi_01" uniqueid="[engine:junit-vintage]/[runner:TestCases.Admin.CreateExam]/[test:ThemKyThi_01(TestCases.Admin.CreateExam)]"/>
    <testcase name="ThemKyThi_02" classname="TestCases.Admin.CreateExam" time="13.407" displayname="ThemKyThi_02" uniqueid="[engine:junit-vintage]/[runner:TestCases.Admin.CreateExam]/[test:ThemKyThi_02(TestCases.Admin.CreateExam)]">
      <error>org.openqa.selenium.NoAlertPresentException: no such alert
  (Session info: chrome=129.0.6668.90)
Build info: version: '3.141.59', revision: 'e82be7d358', time: '2018-11-14T08:17:03'
System info: host: 'ADMIN-PC', ip: '192.168.1.11', os.name: 'Windows 10', os.arch: 'amd64', os.version: '10.0', java.version: '22.0.1'
Driver info: org.openqa.selenium.chrome.ChromeDriver
Capabilities {acceptInsecureCerts: false, browserName: chrome, browserVersion: 129.0.6668.90, chrome: {chromedriverVersion: 129.0.6668.89 (951c0b97221f..., userDataDir: C:\Users\Admin\AppData\Loca...}, fedcm:accounts: true, goog:chromeOptions: {debuggerAddress: localhost:60670}, javascriptEnabled: true, networkConnectionEnabled: false, pageLoadStrategy: normal, platform: WINDOWS, platformName: WINDOWS, proxy: Proxy(), setWindowRect: true, strictFileInteractability: false, timeouts: {implicit: 0, pageLoad: 300000, script: 30000}, unhandledPromptBehavior: dismiss and notify, webauthn:extension:credBlob: true, webauthn:extension:largeBlob: true, webauthn:extension:minPinLength: true, webauthn:extension:prf: true, webauthn:virtualAuthenticators: true}
Session ID: 0881175c339c1f158c36e8aec2b198f7&#13;
	at java.base/jdk.internal.reflect.DirectConstructorHandleAccessor.newInstance(DirectConstructorHandleAccessor.java:62)&#13;
	at java.base/java.lang.reflect.Constructor.newInstanceWithCaller(Constructor.java:502)&#13;
	at java.base/java.lang.reflect.Constructor.newInstance(Constructor.java:486)&#13;
	at org.openqa.selenium.remote.http.W3CHttpResponseCodec.createException(W3CHttpResponseCodec.java:187)&#13;
	at org.openqa.selenium.remote.http.W3CHttpResponseCodec.decode(W3CHttpResponseCodec.java:122)&#13;
	at org.openqa.selenium.remote.http.W3CHttpResponseCodec.decode(W3CHttpResponseCodec.java:49)&#13;
	at org.openqa.selenium.remote.HttpCommandExecutor.execute(HttpCommandExecutor.java:158)&#13;
	at org.openqa.selenium.remote.service.DriverCommandExecutor.execute(DriverCommandExecutor.java:83)&#13;
	at org.openqa.selenium.remote.RemoteWebDriver.execute(RemoteWebDriver.java:552)&#13;
	at org.openqa.selenium.remote.RemoteWebDriver.execute(RemoteWebDriver.java:609)&#13;
	at org.openqa.selenium.remote.RemoteWebDriver$RemoteTargetLocator.alert(RemoteWebDriver.java:932)&#13;
	at Commons.CommonFunction.getAlertMessage(CommonFunction.java:177)&#13;
	at Commons.CommonFunction.assertAlertMessage(CommonFunction.java:181)&#13;
	at Interfaces.InterfaceCreateExam.create(InterfaceCreateExam.java:37)&#13;
	at TestCases.Admin.CreateExam.ThemKyThi_02(CreateExam.java:55)&#13;
	at java.base/java.lang.reflect.Method.invoke(Method.java:580)&#13;
&#13;
</error>
    </testcase>
    <testcase name="ThemKyThi_03" classname="TestCases.Admin.CreateExam" time="13.805" displayname="ThemKyThi_03" uniqueid="[engine:junit-vintage]/[runner:TestCases.Admin.CreateExam]/[test:ThemKyThi_03(TestCases.Admin.CreateExam)]">
      <error>org.openqa.selenium.NoAlertPresentException: no such alert
  (Session info: chrome=129.0.6668.90)
Build info: version: '3.141.59', revision: 'e82be7d358', time: '2018-11-14T08:17:03'
System info: host: 'ADMIN-PC', ip: '192.168.1.11', os.name: 'Windows 10', os.arch: 'amd64', os.version: '10.0', java.version: '22.0.1'
Driver info: org.openqa.selenium.chrome.ChromeDriver
Capabilities {acceptInsecureCerts: false, browserName: chrome, browserVersion: 129.0.6668.90, chrome: {chromedriverVersion: 129.0.6668.89 (951c0b97221f..., userDataDir: C:\Users\Admin\AppData\Loca...}, fedcm:accounts: true, goog:chromeOptions: {debuggerAddress: localhost:60670}, javascriptEnabled: true, networkConnectionEnabled: false, pageLoadStrategy: normal, platform: WINDOWS, platformName: WINDOWS, proxy: Proxy(), setWindowRect: true, strictFileInteractability: false, timeouts: {implicit: 0, pageLoad: 300000, script: 30000}, unhandledPromptBehavior: dismiss and notify, webauthn:extension:credBlob: true, webauthn:extension:largeBlob: true, webauthn:extension:minPinLength: true, webauthn:extension:prf: true, webauthn:virtualAuthenticators: true}
Session ID: 0881175c339c1f158c36e8aec2b198f7&#13;
	at java.base/jdk.internal.reflect.DirectConstructorHandleAccessor.newInstance(DirectConstructorHandleAccessor.java:62)&#13;
	at java.base/java.lang.reflect.Constructor.newInstanceWithCaller(Constructor.java:502)&#13;
	at java.base/java.lang.reflect.Constructor.newInstance(Constructor.java:486)&#13;
	at org.openqa.selenium.remote.http.W3CHttpResponseCodec.createException(W3CHttpResponseCodec.java:187)&#13;
	at org.openqa.selenium.remote.http.W3CHttpResponseCodec.decode(W3CHttpResponseCodec.java:122)&#13;
	at org.openqa.selenium.remote.http.W3CHttpResponseCodec.decode(W3CHttpResponseCodec.java:49)&#13;
	at org.openqa.selenium.remote.HttpCommandExecutor.execute(HttpCommandExecutor.java:158)&#13;
	at org.openqa.selenium.remote.service.DriverCommandExecutor.execute(DriverCommandExecutor.java:83)&#13;
	at org.openqa.selenium.remote.RemoteWebDriver.execute(RemoteWebDriver.java:552)&#13;
	at org.openqa.selenium.remote.RemoteWebDriver.execute(RemoteWebDriver.java:609)&#13;
	at org.openqa.selenium.remote.RemoteWebDriver$RemoteTargetLocator.alert(RemoteWebDriver.java:932)&#13;
	at Commons.CommonFunction.getAlertMessage(CommonFunction.java:177)&#13;
	at Commons.CommonFunction.assertAlertMessage(CommonFunction.java:181)&#13;
	at Interfaces.InterfaceCreateExam.create(InterfaceCreateExam.java:37)&#13;
	at TestCases.Admin.CreateExam.ThemKyThi_03(CreateExam.java:60)&#13;
	at java.base/java.lang.reflect.Method.invoke(Method.java:580)&#13;
&#13;
</error>
    </testcase>
    <testcase name="ThemKyThi_04" classname="TestCases.Admin.CreateExam" time="13.843" displayname="ThemKyThi_04" uniqueid="[engine:junit-vintage]/[runner:TestCases.Admin.CreateExam]/[test:ThemKyThi_04(TestCases.Admin.CreateExam)]"/>
    <testcase name="ThemKyThi_05" classname="TestCases.Admin.CreateExam" time="13.644" displayname="ThemKyThi_05" uniqueid="[engine:junit-vintage]/[runner:TestCases.Admin.CreateExam]/[test:ThemKyThi_05(TestCases.Admin.CreateExam)]">
      <error>org.openqa.selenium.NoAlertPresentException: no such alert
  (Session info: chrome=129.0.6668.90)
Build info: version: '3.141.59', revision: 'e82be7d358', time: '2018-11-14T08:17:03'
System info: host: 'ADMIN-PC', ip: '192.168.1.11', os.name: 'Windows 10', os.arch: 'amd64', os.version: '10.0', java.version: '22.0.1'
Driver info: org.openqa.selenium.chrome.ChromeDriver
Capabilities {acceptInsecureCerts: false, browserName: chrome, browserVersion: 129.0.6668.90, chrome: {chromedriverVersion: 129.0.6668.89 (951c0b97221f..., userDataDir: C:\Users\Admin\AppData\Loca...}, fedcm:accounts: true, goog:chromeOptions: {debuggerAddress: localhost:60670}, javascriptEnabled: true, networkConnectionEnabled: false, pageLoadStrategy: normal, platform: WINDOWS, platformName: WINDOWS, proxy: Proxy(), setWindowRect: true, strictFileInteractability: false, timeouts: {implicit: 0, pageLoad: 300000, script: 30000}, unhandledPromptBehavior: dismiss and notify, webauthn:extension:credBlob: true, webauthn:extension:largeBlob: true, webauthn:extension:minPinLength: true, webauthn:extension:prf: true, webauthn:virtualAuthenticators: true}
Session ID: 0881175c339c1f158c36e8aec2b198f7&#13;
	at java.base/jdk.internal.reflect.DirectConstructorHandleAccessor.newInstance(DirectConstructorHandleAccessor.java:62)&#13;
	at java.base/java.lang.reflect.Constructor.newInstanceWithCaller(Constructor.java:502)&#13;
	at java.base/java.lang.reflect.Constructor.newInstance(Constructor.java:486)&#13;
	at org.openqa.selenium.remote.http.W3CHttpResponseCodec.createException(W3CHttpResponseCodec.java:187)&#13;
	at org.openqa.selenium.remote.http.W3CHttpResponseCodec.decode(W3CHttpResponseCodec.java:122)&#13;
	at org.openqa.selenium.remote.http.W3CHttpResponseCodec.decode(W3CHttpResponseCodec.java:49)&#13;
	at org.openqa.selenium.remote.HttpCommandExecutor.execute(HttpCommandExecutor.java:158)&#13;
	at org.openqa.selenium.remote.service.DriverCommandExecutor.execute(DriverCommandExecutor.java:83)&#13;
	at org.openqa.selenium.remote.RemoteWebDriver.execute(RemoteWebDriver.java:552)&#13;
	at org.openqa.selenium.remote.RemoteWebDriver.execute(RemoteWebDriver.java:609)&#13;
	at org.openqa.selenium.remote.RemoteWebDriver$RemoteTargetLocator.alert(RemoteWebDriver.java:932)&#13;
	at Commons.CommonFunction.getAlertMessage(CommonFunction.java:177)&#13;
	at Commons.CommonFunction.assertAlertMessage(CommonFunction.java:181)&#13;
	at Interfaces.InterfaceCreateExam.create(InterfaceCreateExam.java:37)&#13;
	at TestCases.Admin.CreateExam.ThemKyThi_05(CreateExam.java:70)&#13;
	at java.base/java.lang.reflect.Method.invoke(Method.java:580)&#13;
&#13;
</error>
    </testcase>
    <testcase name="ThemKyThi_06" classname="TestCases.Admin.CreateExam" time="13.679" displayname="ThemKyThi_06" uniqueid="[engine:junit-vintage]/[runner:TestCases.Admin.CreateExam]/[test:ThemKyThi_06(TestCases.Admin.CreateExam)]">
      <error>org.openqa.selenium.NoAlertPresentException: no such alert
  (Session info: chrome=129.0.6668.90)
Build info: version: '3.141.59', revision: 'e82be7d358', time: '2018-11-14T08:17:03'
System info: host: 'ADMIN-PC', ip: '192.168.1.11', os.name: 'Windows 10', os.arch: 'amd64', os.version: '10.0', java.version: '22.0.1'
Driver info: org.openqa.selenium.chrome.ChromeDriver
Capabilities {acceptInsecureCerts: false, browserName: chrome, browserVersion: 129.0.6668.90, chrome: {chromedriverVersion: 129.0.6668.89 (951c0b97221f..., userDataDir: C:\Users\Admin\AppData\Loca...}, fedcm:accounts: true, goog:chromeOptions: {debuggerAddress: localhost:60670}, javascriptEnabled: true, networkConnectionEnabled: false, pageLoadStrategy: normal, platform: WINDOWS, platformName: WINDOWS, proxy: Proxy(), setWindowRect: true, strictFileInteractability: false, timeouts: {implicit: 0, pageLoad: 300000, script: 30000}, unhandledPromptBehavior: dismiss and notify, webauthn:extension:credBlob: true, webauthn:extension:largeBlob: true, webauthn:extension:minPinLength: true, webauthn:extension:prf: true, webauthn:virtualAuthenticators: true}
Session ID: 0881175c339c1f158c36e8aec2b198f7&#13;
	at java.base/jdk.internal.reflect.DirectConstructorHandleAccessor.newInstance(DirectConstructorHandleAccessor.java:62)&#13;
	at java.base/java.lang.reflect.Constructor.newInstanceWithCaller(Constructor.java:502)&#13;
	at java.base/java.lang.reflect.Constructor.newInstance(Constructor.java:486)&#13;
	at org.openqa.selenium.remote.http.W3CHttpResponseCodec.createException(W3CHttpResponseCodec.java:187)&#13;
	at org.openqa.selenium.remote.http.W3CHttpResponseCodec.decode(W3CHttpResponseCodec.java:122)&#13;
	at org.openqa.selenium.remote.http.W3CHttpResponseCodec.decode(W3CHttpResponseCodec.java:49)&#13;
	at org.openqa.selenium.remote.HttpCommandExecutor.execute(HttpCommandExecutor.java:158)&#13;
	at org.openqa.selenium.remote.service.DriverCommandExecutor.execute(DriverCommandExecutor.java:83)&#13;
	at org.openqa.selenium.remote.RemoteWebDriver.execute(RemoteWebDriver.java:552)&#13;
	at org.openqa.selenium.remote.RemoteWebDriver.execute(RemoteWebDriver.java:609)&#13;
	at org.openqa.selenium.remote.RemoteWebDriver$RemoteTargetLocator.alert(RemoteWebDriver.java:932)&#13;
	at Commons.CommonFunction.getAlertMessage(CommonFunction.java:177)&#13;
	at Commons.CommonFunction.assertAlertMessage(CommonFunction.java:181)&#13;
	at Interfaces.InterfaceCreateExam.create(InterfaceCreateExam.java:37)&#13;
	at TestCases.Admin.CreateExam.ThemKyThi_06(CreateExam.java:75)&#13;
	at java.base/java.lang.reflect.Method.invoke(Method.java:580)&#13;
&#13;
</error>
    </testcase>
    <testcase name="ThemKyThi_07" classname="TestCases.Admin.CreateExam" time="13.856" displayname="ThemKyThi_07" uniqueid="[engine:junit-vintage]/[runner:TestCases.Admin.CreateExam]/[test:ThemKyThi_07(TestCases.Admin.CreateExam)]">
      <error>org.openqa.selenium.NoAlertPresentException: no such alert
  (Session info: chrome=129.0.6668.90)
Build info: version: '3.141.59', revision: 'e82be7d358', time: '2018-11-14T08:17:03'
System info: host: 'ADMIN-PC', ip: '192.168.1.11', os.name: 'Windows 10', os.arch: 'amd64', os.version: '10.0', java.version: '22.0.1'
Driver info: org.openqa.selenium.chrome.ChromeDriver
Capabilities {acceptInsecureCerts: false, browserName: chrome, browserVersion: 129.0.6668.90, chrome: {chromedriverVersion: 129.0.6668.89 (951c0b97221f..., userDataDir: C:\Users\Admin\AppData\Loca...}, fedcm:accounts: true, goog:chromeOptions: {debuggerAddress: localhost:60670}, javascriptEnabled: true, networkConnectionEnabled: false, pageLoadStrategy: normal, platform: WINDOWS, platformName: WINDOWS, proxy: Proxy(), setWindowRect: true, strictFileInteractability: false, timeouts: {implicit: 0, pageLoad: 300000, script: 30000}, unhandledPromptBehavior: dismiss and notify, webauthn:extension:credBlob: true, webauthn:extension:largeBlob: true, webauthn:extension:minPinLength: true, webauthn:extension:prf: true, webauthn:virtualAuthenticators: true}
Session ID: 0881175c339c1f158c36e8aec2b198f7&#13;
	at java.base/jdk.internal.reflect.DirectConstructorHandleAccessor.newInstance(DirectConstructorHandleAccessor.java:62)&#13;
	at java.base/java.lang.reflect.Constructor.newInstanceWithCaller(Constructor.java:502)&#13;
	at java.base/java.lang.reflect.Constructor.newInstance(Constructor.java:486)&#13;
	at org.openqa.selenium.remote.http.W3CHttpResponseCodec.createException(W3CHttpResponseCodec.java:187)&#13;
	at org.openqa.selenium.remote.http.W3CHttpResponseCodec.decode(W3CHttpResponseCodec.java:122)&#13;
	at org.openqa.selenium.remote.http.W3CHttpResponseCodec.decode(W3CHttpResponseCodec.java:49)&#13;
	at org.openqa.selenium.remote.HttpCommandExecutor.execute(HttpCommandExecutor.java:158)&#13;
	at org.openqa.selenium.remote.service.DriverCommandExecutor.execute(DriverCommandExecutor.java:83)&#13;
	at org.openqa.selenium.remote.RemoteWebDriver.execute(RemoteWebDriver.java:552)&#13;
	at org.openqa.selenium.remote.RemoteWebDriver.execute(RemoteWebDriver.java:609)&#13;
	at org.openqa.selenium.remote.RemoteWebDriver$RemoteTargetLocator.alert(RemoteWebDriver.java:932)&#13;
	at Commons.CommonFunction.getAlertMessage(CommonFunction.java:177)&#13;
	at Commons.CommonFunction.assertAlertMessage(CommonFunction.java:181)&#13;
	at Interfaces.InterfaceCreateExam.create(InterfaceCreateExam.java:37)&#13;
	at TestCases.Admin.CreateExam.ThemKyThi_07(CreateExam.java:80)&#13;
	at java.base/java.lang.reflect.Method.invoke(Method.java:580)&#13;
&#13;
</error>
    </testcase>
    <testcase name="ThemKyThi_08" classname="TestCases.Admin.CreateExam" time="13.999" displayname="ThemKyThi_08" uniqueid="[engine:junit-vintage]/[runner:TestCases.Admin.CreateExam]/[test:ThemKyThi_08(TestCases.Admin.CreateExam)]"/>
    <testcase name="ThemKyThi_09" classname="TestCases.Admin.CreateExam" time="14.027" displayname="ThemKyThi_09" uniqueid="[engine:junit-vintage]/[runner:TestCases.Admin.CreateExam]/[test:ThemKyThi_09(TestCases.Admin.CreateExam)]">
      <error>org.openqa.selenium.NoAlertPresentException: no such alert
  (Session info: chrome=129.0.6668.90)
Build info: version: '3.141.59', revision: 'e82be7d358', time: '2018-11-14T08:17:03'
System info: host: 'ADMIN-PC', ip: '192.168.1.11', os.name: 'Windows 10', os.arch: 'amd64', os.version: '10.0', java.version: '22.0.1'
Driver info: org.openqa.selenium.chrome.ChromeDriver
Capabilities {acceptInsecureCerts: false, browserName: chrome, browserVersion: 129.0.6668.90, chrome: {chromedriverVersion: 129.0.6668.89 (951c0b97221f..., userDataDir: C:\Users\Admin\AppData\Loca...}, fedcm:accounts: true, goog:chromeOptions: {debuggerAddress: localhost:60670}, javascriptEnabled: true, networkConnectionEnabled: false, pageLoadStrategy: normal, platform: WINDOWS, platformName: WINDOWS, proxy: Proxy(), setWindowRect: true, strictFileInteractability: false, timeouts: {implicit: 0, pageLoad: 300000, script: 30000}, unhandledPromptBehavior: dismiss and notify, webauthn:extension:credBlob: true, webauthn:extension:largeBlob: true, webauthn:extension:minPinLength: true, webauthn:extension:prf: true, webauthn:virtualAuthenticators: true}
Session ID: 0881175c339c1f158c36e8aec2b198f7&#13;
	at java.base/jdk.internal.reflect.DirectConstructorHandleAccessor.newInstance(DirectConstructorHandleAccessor.java:62)&#13;
	at java.base/java.lang.reflect.Constructor.newInstanceWithCaller(Constructor.java:502)&#13;
	at java.base/java.lang.reflect.Constructor.newInstance(Constructor.java:486)&#13;
	at org.openqa.selenium.remote.http.W3CHttpResponseCodec.createException(W3CHttpResponseCodec.java:187)&#13;
	at org.openqa.selenium.remote.http.W3CHttpResponseCodec.decode(W3CHttpResponseCodec.java:122)&#13;
	at org.openqa.selenium.remote.http.W3CHttpResponseCodec.decode(W3CHttpResponseCodec.java:49)&#13;
	at org.openqa.selenium.remote.HttpCommandExecutor.execute(HttpCommandExecutor.java:158)&#13;
	at org.openqa.selenium.remote.service.DriverCommandExecutor.execute(DriverCommandExecutor.java:83)&#13;
	at org.openqa.selenium.remote.RemoteWebDriver.execute(RemoteWebDriver.java:552)&#13;
	at org.openqa.selenium.remote.RemoteWebDriver.execute(RemoteWebDriver.java:609)&#13;
	at org.openqa.selenium.remote.RemoteWebDriver$RemoteTargetLocator.alert(RemoteWebDriver.java:932)&#13;
	at Commons.CommonFunction.getAlertMessage(CommonFunction.java:177)&#13;
	at Commons.CommonFunction.assertAlertMessage(CommonFunction.java:181)&#13;
	at Interfaces.InterfaceCreateExam.create(InterfaceCreateExam.java:37)&#13;
	at TestCases.Admin.CreateExam.ThemKyThi_09(CreateExam.java:90)&#13;
	at java.base/java.lang.reflect.Method.invoke(Method.java:580)&#13;
&#13;
</error>
    </testcase>
    <testcase name="ThemKyThi_10" classname="TestCases.Admin.CreateExam" time="13.927" displayname="ThemKyThi_10" uniqueid="[engine:junit-vintage]/[runner:TestCases.Admin.CreateExam]/[test:ThemKyThi_10(TestCases.Admin.CreateExam)]">
      <error>org.openqa.selenium.NoAlertPresentException: no such alert
  (Session info: chrome=129.0.6668.90)
Build info: version: '3.141.59', revision: 'e82be7d358', time: '2018-11-14T08:17:03'
System info: host: 'ADMIN-PC', ip: '192.168.1.11', os.name: 'Windows 10', os.arch: 'amd64', os.version: '10.0', java.version: '22.0.1'
Driver info: org.openqa.selenium.chrome.ChromeDriver
Capabilities {acceptInsecureCerts: false, browserName: chrome, browserVersion: 129.0.6668.90, chrome: {chromedriverVersion: 129.0.6668.89 (951c0b97221f..., userDataDir: C:\Users\Admin\AppData\Loca...}, fedcm:accounts: true, goog:chromeOptions: {debuggerAddress: localhost:60670}, javascriptEnabled: true, networkConnectionEnabled: false, pageLoadStrategy: normal, platform: WINDOWS, platformName: WINDOWS, proxy: Proxy(), setWindowRect: true, strictFileInteractability: false, timeouts: {implicit: 0, pageLoad: 300000, script: 30000}, unhandledPromptBehavior: dismiss and notify, webauthn:extension:credBlob: true, webauthn:extension:largeBlob: true, webauthn:extension:minPinLength: true, webauthn:extension:prf: true, webauthn:virtualAuthenticators: true}
Session ID: 0881175c339c1f158c36e8aec2b198f7&#13;
	at java.base/jdk.internal.reflect.DirectConstructorHandleAccessor.newInstance(DirectConstructorHandleAccessor.java:62)&#13;
	at java.base/java.lang.reflect.Constructor.newInstanceWithCaller(Constructor.java:502)&#13;
	at java.base/java.lang.reflect.Constructor.newInstance(Constructor.java:486)&#13;
	at org.openqa.selenium.remote.http.W3CHttpResponseCodec.createException(W3CHttpResponseCodec.java:187)&#13;
	at org.openqa.selenium.remote.http.W3CHttpResponseCodec.decode(W3CHttpResponseCodec.java:122)&#13;
	at org.openqa.selenium.remote.http.W3CHttpResponseCodec.decode(W3CHttpResponseCodec.java:49)&#13;
	at org.openqa.selenium.remote.HttpCommandExecutor.execute(HttpCommandExecutor.java:158)&#13;
	at org.openqa.selenium.remote.service.DriverCommandExecutor.execute(DriverCommandExecutor.java:83)&#13;
	at org.openqa.selenium.remote.RemoteWebDriver.execute(RemoteWebDriver.java:552)&#13;
	at org.openqa.selenium.remote.RemoteWebDriver.execute(RemoteWebDriver.java:609)&#13;
	at org.openqa.selenium.remote.RemoteWebDriver$RemoteTargetLocator.alert(RemoteWebDriver.java:932)&#13;
	at Commons.CommonFunction.getAlertMessage(CommonFunction.java:177)&#13;
	at Commons.CommonFunction.assertAlertMessage(CommonFunction.java:181)&#13;
	at Interfaces.InterfaceCreateExam.create(InterfaceCreateExam.java:37)&#13;
	at TestCases.Admin.CreateExam.ThemKyThi_10(CreateExam.java:95)&#13;
	at java.base/java.lang.reflect.Method.invoke(Method.java:580)&#13;
&#13;
</error>
    </testcase>
    <testcase name="ThemKyThi_11" classname="TestCases.Admin.CreateExam" time="13.727" displayname="ThemKyThi_11" uniqueid="[engine:junit-vintage]/[runner:TestCases.Admin.CreateExam]/[test:ThemKyThi_11(TestCases.Admin.CreateExam)]">
      <error>org.openqa.selenium.NoAlertPresentException: no such alert
  (Session info: chrome=129.0.6668.90)
Build info: version: '3.141.59', revision: 'e82be7d358', time: '2018-11-14T08:17:03'
System info: host: 'ADMIN-PC', ip: '192.168.1.11', os.name: 'Windows 10', os.arch: 'amd64', os.version: '10.0', java.version: '22.0.1'
Driver info: org.openqa.selenium.chrome.ChromeDriver
Capabilities {acceptInsecureCerts: false, browserName: chrome, browserVersion: 129.0.6668.90, chrome: {chromedriverVersion: 129.0.6668.89 (951c0b97221f..., userDataDir: C:\Users\Admin\AppData\Loca...}, fedcm:accounts: true, goog:chromeOptions: {debuggerAddress: localhost:60670}, javascriptEnabled: true, networkConnectionEnabled: false, pageLoadStrategy: normal, platform: WINDOWS, platformName: WINDOWS, proxy: Proxy(), setWindowRect: true, strictFileInteractability: false, timeouts: {implicit: 0, pageLoad: 300000, script: 30000}, unhandledPromptBehavior: dismiss and notify, webauthn:extension:credBlob: true, webauthn:extension:largeBlob: true, webauthn:extension:minPinLength: true, webauthn:extension:prf: true, webauthn:virtualAuthenticators: true}
Session ID: 0881175c339c1f158c36e8aec2b198f7&#13;
	at java.base/jdk.internal.reflect.DirectConstructorHandleAccessor.newInstance(DirectConstructorHandleAccessor.java:62)&#13;
	at java.base/java.lang.reflect.Constructor.newInstanceWithCaller(Constructor.java:502)&#13;
	at java.base/java.lang.reflect.Constructor.newInstance(Constructor.java:486)&#13;
	at org.openqa.selenium.remote.http.W3CHttpResponseCodec.createException(W3CHttpResponseCodec.java:187)&#13;
	at org.openqa.selenium.remote.http.W3CHttpResponseCodec.decode(W3CHttpResponseCodec.java:122)&#13;
	at org.openqa.selenium.remote.http.W3CHttpResponseCodec.decode(W3CHttpResponseCodec.java:49)&#13;
	at org.openqa.selenium.remote.HttpCommandExecutor.execute(HttpCommandExecutor.java:158)&#13;
	at org.openqa.selenium.remote.service.DriverCommandExecutor.execute(DriverCommandExecutor.java:83)&#13;
	at org.openqa.selenium.remote.RemoteWebDriver.execute(RemoteWebDriver.java:552)&#13;
	at org.openqa.selenium.remote.RemoteWebDriver.execute(RemoteWebDriver.java:609)&#13;
	at org.openqa.selenium.remote.RemoteWebDriver$RemoteTargetLocator.alert(RemoteWebDriver.java:932)&#13;
	at Commons.CommonFunction.getAlertMessage(CommonFunction.java:177)&#13;
	at Commons.CommonFunction.assertAlertMessage(CommonFunction.java:181)&#13;
	at Interfaces.InterfaceCreateExam.create(InterfaceCreateExam.java:37)&#13;
	at TestCases.Admin.CreateExam.ThemKyThi_11(CreateExam.java:100)&#13;
	at java.base/java.lang.reflect.Method.invoke(Method.java:580)&#13;
&#13;
</error>
    </testcase>
    <testcase name="ThemKyThi_12" classname="TestCases.Admin.CreateExam" time="13.844" displayname="ThemKyThi_12" uniqueid="[engine:junit-vintage]/[runner:TestCases.Admin.CreateExam]/[test:ThemKyThi_12(TestCases.Admin.CreateExam)]">
      <error>org.openqa.selenium.NoAlertPresentException: no such alert
  (Session info: chrome=129.0.6668.90)
Build info: version: '3.141.59', revision: 'e82be7d358', time: '2018-11-14T08:17:03'
System info: host: 'ADMIN-PC', ip: '192.168.1.11', os.name: 'Windows 10', os.arch: 'amd64', os.version: '10.0', java.version: '22.0.1'
Driver info: org.openqa.selenium.chrome.ChromeDriver
Capabilities {acceptInsecureCerts: false, browserName: chrome, browserVersion: 129.0.6668.90, chrome: {chromedriverVersion: 129.0.6668.89 (951c0b97221f..., userDataDir: C:\Users\Admin\AppData\Loca...}, fedcm:accounts: true, goog:chromeOptions: {debuggerAddress: localhost:60670}, javascriptEnabled: true, networkConnectionEnabled: false, pageLoadStrategy: normal, platform: WINDOWS, platformName: WINDOWS, proxy: Proxy(), setWindowRect: true, strictFileInteractability: false, timeouts: {implicit: 0, pageLoad: 300000, script: 30000}, unhandledPromptBehavior: dismiss and notify, webauthn:extension:credBlob: true, webauthn:extension:largeBlob: true, webauthn:extension:minPinLength: true, webauthn:extension:prf: true, webauthn:virtualAuthenticators: true}
Session ID: 0881175c339c1f158c36e8aec2b198f7&#13;
	at java.base/jdk.internal.reflect.DirectConstructorHandleAccessor.newInstance(DirectConstructorHandleAccessor.java:62)&#13;
	at java.base/java.lang.reflect.Constructor.newInstanceWithCaller(Constructor.java:502)&#13;
	at java.base/java.lang.reflect.Constructor.newInstance(Constructor.java:486)&#13;
	at org.openqa.selenium.remote.http.W3CHttpResponseCodec.createException(W3CHttpResponseCodec.java:187)&#13;
	at org.openqa.selenium.remote.http.W3CHttpResponseCodec.decode(W3CHttpResponseCodec.java:122)&#13;
	at org.openqa.selenium.remote.http.W3CHttpResponseCodec.decode(W3CHttpResponseCodec.java:49)&#13;
	at org.openqa.selenium.remote.HttpCommandExecutor.execute(HttpCommandExecutor.java:158)&#13;
	at org.openqa.selenium.remote.service.DriverCommandExecutor.execute(DriverCommandExecutor.java:83)&#13;
	at org.openqa.selenium.remote.RemoteWebDriver.execute(RemoteWebDriver.java:552)&#13;
	at org.openqa.selenium.remote.RemoteWebDriver.execute(RemoteWebDriver.java:609)&#13;
	at org.openqa.selenium.remote.RemoteWebDriver$RemoteTargetLocator.alert(RemoteWebDriver.java:932)&#13;
	at Commons.CommonFunction.getAlertMessage(CommonFunction.java:177)&#13;
	at Commons.CommonFunction.assertAlertMessage(CommonFunction.java:181)&#13;
	at Interfaces.InterfaceCreateExam.create(InterfaceCreateExam.java:37)&#13;
	at TestCases.Admin.CreateExam.ThemKyThi_12(CreateExam.java:105)&#13;
	at java.base/java.lang.reflect.Method.invoke(Method.java:580)&#13;
&#13;
</error>
    </testcase>
    <testcase name="ThemKyThi_13" classname="TestCases.Admin.CreateExam" time="13.713" displayname="ThemKyThi_13" uniqueid="[engine:junit-vintage]/[runner:TestCases.Admin.CreateExam]/[test:ThemKyThi_13(TestCases.Admin.CreateExam)]">
      <error>org.openqa.selenium.NoAlertPresentException: no such alert
  (Session info: chrome=129.0.6668.90)
Build info: version: '3.141.59', revision: 'e82be7d358', time: '2018-11-14T08:17:03'
System info: host: 'ADMIN-PC', ip: '192.168.1.11', os.name: 'Windows 10', os.arch: 'amd64', os.version: '10.0', java.version: '22.0.1'
Driver info: org.openqa.selenium.chrome.ChromeDriver
Capabilities {acceptInsecureCerts: false, browserName: chrome, browserVersion: 129.0.6668.90, chrome: {chromedriverVersion: 129.0.6668.89 (951c0b97221f..., userDataDir: C:\Users\Admin\AppData\Loca...}, fedcm:accounts: true, goog:chromeOptions: {debuggerAddress: localhost:60670}, javascriptEnabled: true, networkConnectionEnabled: false, pageLoadStrategy: normal, platform: WINDOWS, platformName: WINDOWS, proxy: Proxy(), setWindowRect: true, strictFileInteractability: false, timeouts: {implicit: 0, pageLoad: 300000, script: 30000}, unhandledPromptBehavior: dismiss and notify, webauthn:extension:credBlob: true, webauthn:extension:largeBlob: true, webauthn:extension:minPinLength: true, webauthn:extension:prf: true, webauthn:virtualAuthenticators: true}
Session ID: 0881175c339c1f158c36e8aec2b198f7&#13;
	at java.base/jdk.internal.reflect.DirectConstructorHandleAccessor.newInstance(DirectConstructorHandleAccessor.java:62)&#13;
	at java.base/java.lang.reflect.Constructor.newInstanceWithCaller(Constructor.java:502)&#13;
	at java.base/java.lang.reflect.Constructor.newInstance(Constructor.java:486)&#13;
	at org.openqa.selenium.remote.http.W3CHttpResponseCodec.createException(W3CHttpResponseCodec.java:187)&#13;
	at org.openqa.selenium.remote.http.W3CHttpResponseCodec.decode(W3CHttpResponseCodec.java:122)&#13;
	at org.openqa.selenium.remote.http.W3CHttpResponseCodec.decode(W3CHttpResponseCodec.java:49)&#13;
	at org.openqa.selenium.remote.HttpCommandExecutor.execute(HttpCommandExecutor.java:158)&#13;
	at org.openqa.selenium.remote.service.DriverCommandExecutor.execute(DriverCommandExecutor.java:83)&#13;
	at org.openqa.selenium.remote.RemoteWebDriver.execute(RemoteWebDriver.java:552)&#13;
	at org.openqa.selenium.remote.RemoteWebDriver.execute(RemoteWebDriver.java:609)&#13;
	at org.openqa.selenium.remote.RemoteWebDriver$RemoteTargetLocator.alert(RemoteWebDriver.java:932)&#13;
	at Commons.CommonFunction.getAlertMessage(CommonFunction.java:177)&#13;
	at Commons.CommonFunction.assertAlertMessage(CommonFunction.java:181)&#13;
	at Interfaces.InterfaceCreateExam.create(InterfaceCreateExam.java:37)&#13;
	at TestCases.Admin.CreateExam.ThemKyThi_13(CreateExam.java:110)&#13;
	at java.base/java.lang.reflect.Method.invoke(Method.java:580)&#13;
&#13;
</error>
    </testcase>
    <testcase name="ThemKyThi_14" classname="TestCases.Admin.CreateExam" time="13.927" displayname="ThemKyThi_14" uniqueid="[engine:junit-vintage]/[runner:TestCases.Admin.CreateExam]/[test:ThemKyThi_14(TestCases.Admin.CreateExam)]"/>
    <testcase name="ThemKyThi_15" classname="TestCases.Admin.CreateExam" time="13.845" displayname="ThemKyThi_15" uniqueid="[engine:junit-vintage]/[runner:TestCases.Admin.CreateExam]/[test:ThemKyThi_15(TestCases.Admin.CreateExam)]">
      <error>org.openqa.selenium.NoAlertPresentException: no such alert
  (Session info: chrome=129.0.6668.90)
Build info: version: '3.141.59', revision: 'e82be7d358', time: '2018-11-14T08:17:03'
System info: host: 'ADMIN-PC', ip: '192.168.1.11', os.name: 'Windows 10', os.arch: 'amd64', os.version: '10.0', java.version: '22.0.1'
Driver info: org.openqa.selenium.chrome.ChromeDriver
Capabilities {acceptInsecureCerts: false, browserName: chrome, browserVersion: 129.0.6668.90, chrome: {chromedriverVersion: 129.0.6668.89 (951c0b97221f..., userDataDir: C:\Users\Admin\AppData\Loca...}, fedcm:accounts: true, goog:chromeOptions: {debuggerAddress: localhost:60670}, javascriptEnabled: true, networkConnectionEnabled: false, pageLoadStrategy: normal, platform: WINDOWS, platformName: WINDOWS, proxy: Proxy(), setWindowRect: true, strictFileInteractability: false, timeouts: {implicit: 0, pageLoad: 300000, script: 30000}, unhandledPromptBehavior: dismiss and notify, webauthn:extension:credBlob: true, webauthn:extension:largeBlob: true, webauthn:extension:minPinLength: true, webauthn:extension:prf: true, webauthn:virtualAuthenticators: true}
Session ID: 0881175c339c1f158c36e8aec2b198f7&#13;
	at java.base/jdk.internal.reflect.DirectConstructorHandleAccessor.newInstance(DirectConstructorHandleAccessor.java:62)&#13;
	at java.base/java.lang.reflect.Constructor.newInstanceWithCaller(Constructor.java:502)&#13;
	at java.base/java.lang.reflect.Constructor.newInstance(Constructor.java:486)&#13;
	at org.openqa.selenium.remote.http.W3CHttpResponseCodec.createException(W3CHttpResponseCodec.java:187)&#13;
	at org.openqa.selenium.remote.http.W3CHttpResponseCodec.decode(W3CHttpResponseCodec.java:122)&#13;
	at org.openqa.selenium.remote.http.W3CHttpResponseCodec.decode(W3CHttpResponseCodec.java:49)&#13;
	at org.openqa.selenium.remote.HttpCommandExecutor.execute(HttpCommandExecutor.java:158)&#13;
	at org.openqa.selenium.remote.service.DriverCommandExecutor.execute(DriverCommandExecutor.java:83)&#13;
	at org.openqa.selenium.remote.RemoteWebDriver.execute(RemoteWebDriver.java:552)&#13;
	at org.openqa.selenium.remote.RemoteWebDriver.execute(RemoteWebDriver.java:609)&#13;
	at org.openqa.selenium.remote.RemoteWebDriver$RemoteTargetLocator.alert(RemoteWebDriver.java:932)&#13;
	at Commons.CommonFunction.getAlertMessage(CommonFunction.java:177)&#13;
	at Commons.CommonFunction.assertAlertMessage(CommonFunction.java:181)&#13;
	at Interfaces.InterfaceCreateExam.create(InterfaceCreateExam.java:37)&#13;
	at TestCases.Admin.CreateExam.ThemKyThi_15(CreateExam.java:120)&#13;
	at java.base/java.lang.reflect.Method.invoke(Method.java:580)&#13;
&#13;
</error>
    </testcase>
    <testcase name="ThemKyThi_16" classname="TestCases.Admin.CreateExam" time="14.157" displayname="ThemKyThi_16" uniqueid="[engine:junit-vintage]/[runner:TestCases.Admin.CreateExam]/[test:ThemKyThi_16(TestCases.Admin.CreateExam)]">
      <failure>
        <expected>9</expected>
        <actual>8</actual>
                org.opentest4j.AssertionFailedError: expected: &lt;9&gt; but was: &lt;8&gt;&#13;
	at org.junit.jupiter.api.AssertionFailureBuilder.build(AssertionFailureBuilder.java:151)&#13;
	at org.junit.jupiter.api.AssertionFailureBuilder.buildAndThrow(AssertionFailureBuilder.java:132)&#13;
	at org.junit.jupiter.api.AssertEquals.failNotEqual(AssertEquals.java:197)&#13;
	at org.junit.jupiter.api.AssertEquals.assertEquals(AssertEquals.java:150)&#13;
	at org.junit.jupiter.api.AssertEquals.assertEquals(AssertEquals.java:145)&#13;
	at org.junit.jupiter.api.Assertions.assertEquals(Assertions.java:531)&#13;
	at Interfaces.InterfaceCreateExam.create(InterfaceCreateExam.java:34)&#13;
	at TestCases.Admin.CreateExam.ThemKyThi_16(CreateExam.java:125)&#13;
	at java.base/java.lang.reflect.Method.invoke(Method.java:580)&#13;
&#13;

      
      </failure>
    </testcase>
    <testcase name="ThemKyThi_17" classname="TestCases.Admin.CreateExam" time="13.603" displayname="ThemKyThi_17" uniqueid="[engine:junit-vintage]/[runner:TestCases.Admin.CreateExam]/[test:ThemKyThi_17(TestCases.Admin.CreateExam)]"/>
    <testcase name="ThemKyThi_18" classname="TestCases.Admin.CreateExam" time="13.784" displayname="ThemKyThi_18" uniqueid="[engine:junit-vintage]/[runner:TestCases.Admin.CreateExam]/[test:ThemKyThi_18(TestCases.Admin.CreateExam)]"/>
    <testcase name="ThemKyThi_19" classname="TestCases.Admin.CreateExam" time="13.939" displayname="ThemKyThi_19" uniqueid="[engine:junit-vintage]/[runner:TestCases.Admin.CreateExam]/[test:ThemKyThi_19(TestCases.Admin.CreateExam)]"/>
    <testcase name="ThemKyThi_20" classname="TestCases.Admin.CreateExam" time="12.741" displayname="ThemKyThi_20" uniqueid="[engine:junit-vintage]/[runner:TestCases.Admin.CreateExam]/[test:ThemKyThi_20(TestCases.Admin.CreateExam)]"/>
  </testsuite>
</testrun>
